[2017-04-06 12:28:20] unicorn.INFO: All Unicorns [] []
[2017-04-06 12:28:23] unicorn.INFO: All Unicorns [] []
[2017-04-06 12:28:29] unicorn.INFO: All Unicorns [] []
[2017-04-06 12:28:33] unicorn.INFO: All Unicorns [] []
[2017-04-06 12:29:06] unicorn.INFO: Visited:  [] []
[2017-04-06 12:29:06] unicorn.INFO: All Unicorns [] []
[2017-04-06 12:29:10] unicorn.INFO: Visited: Grekisk pegasusmix [] []
[2017-04-06 12:29:11] unicorn.INFO: All Unicorns [] []
[2017-04-06 12:29:32] unicorn.INFO: All Unicorns [] []
[2017-04-06 12:29:35] unicorn.INFO: Visited: Karibisk strandponny [] []
[2017-04-06 12:29:40] unicorn.INFO: Visited: Nattaktiv hornlöpare [] []
[2017-04-06 12:29:45] unicorn.INFO: Tried to visit unicorn with id: 32321 [] []
[2017-04-06 12:29:45] unicorn.INFO: All Unicorns [] []
[2017-04-06 12:29:53] unicorn.INFO: Tried to visit unicorn with id: 98934 [] []
[2017-04-06 12:29:53] unicorn.INFO: All Unicorns [] []
[2017-04-06 12:29:55] unicorn.INFO: All Unicorns [] []
[2017-04-06 12:29:57] unicorn.INFO: Visited: Nattaktiv hornlöpare [] []
[2017-04-06 12:29:59] unicorn.INFO: All Unicorns [] []
[2017-04-06 13:30:25] unicorn.INFO: All Unicorns [] []
[2017-04-06 13:30:28] unicorn.INFO: Visited: Nordsvensk travhörning [] []
[2017-04-06 13:30:30] unicorn.INFO: All Unicorns [] []
[2017-04-06 13:30:33] unicorn.INFO: Tried to visit unicorn with id: 453453 [] []
[2017-04-06 13:30:33] unicorn.INFO: All Unicorns [] []
[2017-04-06 18:04:57] unicorn.INFO: All Unicorns [] []
[2017-04-06 18:05:02] unicorn.INFO: Visited: Tordönsenhörning [] []
[2017-04-06 18:17:53] unicorn.INFO: All Unicorns [] []
[2017-04-06 18:17:54] unicorn.INFO: All Unicorns [] []
[2017-04-06 18:18:28] unicorn.INFO: All Unicorns [] []
[2017-04-06 18:18:35] unicorn.INFO: Visited: Nordsvensk travhörning [] []
[2017-04-06 18:18:38] unicorn.INFO: Visited: Tordönsenhörning [] []
[2017-04-06 18:18:41] unicorn.INFO: Visited: Indisk enhörning [] []
[2017-04-06 18:18:45] unicorn.INFO: Tried to visit unicorn with id: 237892 [] []
[2017-04-06 18:18:45] unicorn.INFO: All Unicorns [] []
[2017-04-06 18:18:49] unicorn.INFO: Tried to visit unicorn with id: kljflskdhfljk [] []
[2017-04-06 18:18:49] unicorn.INFO: All Unicorns [] []
[2017-04-06 18:18:50] unicorn.INFO: All Unicorns [] []
[2017-04-06 18:18:52] unicorn.INFO: Visited: Indisk enhörning [] []
[2017-04-06 18:18:54] unicorn.INFO: All Unicorns [] []
[2017-04-06 18:18:56] unicorn.INFO: Visited: Mulfläckad enhörning [] []
[2017-04-06 18:18:59] unicorn.INFO: All Unicorns [] []
[2017-04-10 12:52:05] unicorn.INFO: All Unicorns [] []
[2017-04-10 12:52:08] unicorn.INFO: Visited: Tordönsenhörning [] []
[2017-04-10 12:52:09] unicorn.INFO: Visited:  [] []
[2017-04-10 12:52:09] unicorn.INFO: All Unicorns [] []
